<?xml version="1.0" encoding="UTF-8"?>
<!-- Generated by org.testng.reporters.JUnitReportReporter -->
<testsuite hostname="DESKTOP-300BKIO" failures="0" tests="2" name="memberRegressionTest.ApplyforLoanTest" time="66.574" errors="0" timestamp="2024-03-01T16:55:24 IST" skipped="0">
  <testcase classname="memberRegressionTest.ApplyforLoanTest" name="noPendingLoanTest" time="22.058"/>
  <testcase classname="memberRegressionTest.ApplyforLoanTest" name="LoanTest" time="44.516"/>
</testsuite> <!-- memberRegressionTest.ApplyforLoanTest -->
