<?xml version="1.0" encoding="UTF-8"?>
<!-- Generated by org.testng.reporters.JUnitReportReporter -->
<testsuite hostname="DESKTOP-300BKIO" failures="0" tests="9" name="memberSmokeTest.moreTabsDetailsTest" time="48.316" errors="0" timestamp="2024-03-01T16:44:19 IST" skipped="0">
  <testcase classname="memberSmokeTest.moreTabsDetailsTest" name="moreTabPageTitleTest" time="3.700"/>
  <testcase classname="memberSmokeTest.moreTabsDetailsTest" name="moreTabPageSignInURLTest" time="0.510"/>
  <testcase classname="memberSmokeTest.moreTabsDetailsTest" name="isMoreTabVisibleTest" time="24.950"/>
  <testcase classname="memberSmokeTest.moreTabsDetailsTest" name="isMorePageContentVisibleTest" time="2.083"/>
  <testcase classname="memberSmokeTest.moreTabsDetailsTest" name="isYourGroupPageVisibleTest" time="4.315"/>
  <testcase classname="memberSmokeTest.moreTabsDetailsTest" name="isLanguagePageVisibleTest" time="2.318"/>
  <testcase classname="memberSmokeTest.moreTabsDetailsTest" name="isDocumentPageVisibleTest" time="2.996"/>
  <testcase classname="memberSmokeTest.moreTabsDetailsTest" name="isBankDetailPageVisibleTest" time="2.409"/>
  <testcase classname="memberSmokeTest.moreTabsDetailsTest" name="isMNOPageVisibleTest" time="5.035"/>
</testsuite> <!-- memberSmokeTest.moreTabsDetailsTest -->
