<?xml version="1.0" encoding="UTF-8"?>
<!-- Generated by org.testng.reporters.JUnitReportReporter -->
<testsuite hostname="DESKTOP-300BKIO" failures="0" tests="7" name="memberSmokeTest.memberCreditUnionTest" time="96.778" errors="0" timestamp="2024-03-01T16:44:19 IST" skipped="0">
  <testcase classname="memberSmokeTest.memberCreditUnionTest" name="IscreditunionPageContenVisble" time="38.431"/>
  <testcase classname="memberSmokeTest.memberCreditUnionTest" name="IsLoanPageVisibleTest" time="7.405"/>
  <testcase classname="memberSmokeTest.memberCreditUnionTest" name="IsMyContributionPageeVisibleTest" time="11.163"/>
  <testcase classname="memberSmokeTest.memberCreditUnionTest" name="IsSharePageVisibleTest" time="3.759"/>
  <testcase classname="memberSmokeTest.memberCreditUnionTest" name="IsLoanCardPageVisibleTest" time="4.698"/>
  <testcase classname="memberSmokeTest.memberCreditUnionTest" name="IsaddContributionPageVisibleTest" time="8.677"/>
  <testcase classname="memberSmokeTest.memberCreditUnionTest" name="isApplyLoanPageVisibleTest" time="22.645"/>
</testsuite> <!-- memberSmokeTest.memberCreditUnionTest -->
